2024-12-07T21:53:27.911+01:00  INFO 37528 --- [GrpcService] [restartedMain] c.example.Grpc.GrpcServiceApplication    : Starting GrpcServiceApplication using Java 21.0.4 with PID 37528 (C:\Users\smolv\Downloads\GrpcService\target\classes started by smolv in C:\Users\smolv\Downloads\GrpcService)
2024-12-07T21:53:27.915+01:00  INFO 37528 --- [GrpcService] [restartedMain] c.example.Grpc.GrpcServiceApplication    : No active profile set, falling back to 1 default profile: "default"
2024-12-07T21:53:27.970+01:00  INFO 37528 --- [GrpcService] [restartedMain] .e.DevToolsPropertyDefaultsPostProcessor : Devtools property defaults active! Set 'spring.devtools.add-properties' to 'false' to disable
2024-12-07T21:53:27.971+01:00  INFO 37528 --- [GrpcService] [restartedMain] .e.DevToolsPropertyDefaultsPostProcessor : For additional web related logging consider setting the 'logging.level.web' property to 'DEBUG'
2024-12-07T21:53:28.656+01:00  INFO 37528 --- [GrpcService] [restartedMain] .s.d.r.c.RepositoryConfigurationDelegate : Bootstrapping Spring Data JPA repositories in DEFAULT mode.
2024-12-07T21:53:28.679+01:00  INFO 37528 --- [GrpcService] [restartedMain] .s.d.r.c.RepositoryConfigurationDelegate : Finished Spring Data repository scanning in 14 ms. Found 0 JPA repository interfaces.
2024-12-07T21:53:29.208+01:00  INFO 37528 --- [GrpcService] [restartedMain] o.s.b.w.embedded.tomcat.TomcatWebServer  : Tomcat initialized with port 8080 (http)
2024-12-07T21:53:29.222+01:00  INFO 37528 --- [GrpcService] [restartedMain] o.apache.catalina.core.StandardService   : Starting service [Tomcat]
2024-12-07T21:53:29.223+01:00  INFO 37528 --- [GrpcService] [restartedMain] o.apache.catalina.core.StandardEngine    : Starting Servlet engine: [Apache Tomcat/10.1.33]
2024-12-07T21:53:29.275+01:00  INFO 37528 --- [GrpcService] [restartedMain] o.a.c.c.C.[Tomcat].[localhost].[/]       : Initializing Spring embedded WebApplicationContext
2024-12-07T21:53:29.275+01:00  INFO 37528 --- [GrpcService] [restartedMain] w.s.c.ServletWebServerApplicationContext : Root WebApplicationContext: initialization completed in 1303 ms
2024-12-07T21:53:29.304+01:00  INFO 37528 --- [GrpcService] [restartedMain] com.zaxxer.hikari.HikariDataSource       : HikariPool-1 - Starting...
2024-12-07T21:53:29.470+01:00  INFO 37528 --- [GrpcService] [restartedMain] com.zaxxer.hikari.pool.HikariPool        : HikariPool-1 - Added connection conn0: url=jdbc:h2:mem:testdb user=SA
2024-12-07T21:53:29.472+01:00  INFO 37528 --- [GrpcService] [restartedMain] com.zaxxer.hikari.HikariDataSource       : HikariPool-1 - Start completed.
2024-12-07T21:53:29.481+01:00  INFO 37528 --- [GrpcService] [restartedMain] o.s.b.a.h2.H2ConsoleAutoConfiguration    : H2 console available at '/h2-console'. Database available at 'jdbc:h2:mem:testdb'
2024-12-07T21:53:29.610+01:00  INFO 37528 --- [GrpcService] [restartedMain] o.hibernate.jpa.internal.util.LogHelper  : HHH000204: Processing PersistenceUnitInfo [name: default]
2024-12-07T21:53:29.688+01:00  INFO 37528 --- [GrpcService] [restartedMain] org.hibernate.Version                    : HHH000412: Hibernate ORM core version 6.6.2.Final
2024-12-07T21:53:29.726+01:00  INFO 37528 --- [GrpcService] [restartedMain] o.h.c.internal.RegionFactoryInitiator    : HHH000026: Second-level cache disabled
2024-12-07T21:53:30.003+01:00  INFO 37528 --- [GrpcService] [restartedMain] o.s.o.j.p.SpringPersistenceUnitInfo      : No LoadTimeWeaver setup: ignoring JPA class transformer
2024-12-07T21:53:30.059+01:00  WARN 37528 --- [GrpcService] [restartedMain] org.hibernate.orm.deprecation            : HHH90000025: H2Dialect does not need to be specified explicitly using 'hibernate.dialect' (remove the property setting and it will be selected by default)
2024-12-07T21:53:30.076+01:00  INFO 37528 --- [GrpcService] [restartedMain] org.hibernate.orm.connections.pooling    : HHH10001005: Database info:
	Database JDBC URL [Connecting through datasource 'HikariDataSource (HikariPool-1)']
	Database driver: undefined/unknown
	Database version: 2.3.232
	Autocommit mode: undefined/unknown
	Isolation level: undefined/unknown
	Minimum pool size: undefined/unknown
	Maximum pool size: undefined/unknown
2024-12-07T21:53:30.434+01:00  INFO 37528 --- [GrpcService] [restartedMain] o.h.e.t.j.p.i.JtaPlatformInitiator       : HHH000489: No JTA platform available (set 'hibernate.transaction.jta.platform' to enable JTA platform integration)
2024-12-07T21:53:30.439+01:00  INFO 37528 --- [GrpcService] [restartedMain] j.LocalContainerEntityManagerFactoryBean : Initialized JPA EntityManagerFactory for persistence unit 'default'
2024-12-07T21:53:30.483+01:00  WARN 37528 --- [GrpcService] [restartedMain] JpaBaseConfiguration$JpaWebConfiguration : spring.jpa.open-in-view is enabled by default. Therefore, database queries may be performed during view rendering. Explicitly configure spring.jpa.open-in-view to disable this warning
2024-12-07T21:53:31.042+01:00  INFO 37528 --- [GrpcService] [restartedMain] o.s.b.d.a.OptionalLiveReloadServer       : LiveReload server is running on port 35729
2024-12-07T21:53:31.101+01:00  INFO 37528 --- [GrpcService] [restartedMain] o.s.b.w.embedded.tomcat.TomcatWebServer  : Tomcat started on port 8080 (http) with context path '/'
2024-12-07T21:53:31.137+01:00  INFO 37528 --- [GrpcService] [restartedMain] c.example.Grpc.GrpcServiceApplication    : Started GrpcServiceApplication in 3.929 seconds (process running for 4.867)
2024-12-07T22:09:08.572+01:00  INFO 37528 --- [GrpcService] [SpringApplicationShutdownHook] o.s.b.w.e.tomcat.GracefulShutdown        : Commencing graceful shutdown. Waiting for active requests to complete
2024-12-07T22:09:08.579+01:00  INFO 37528 --- [GrpcService] [tomcat-shutdown] o.s.b.w.e.tomcat.GracefulShutdown        : Graceful shutdown complete
2024-12-07T22:09:08.583+01:00  INFO 37528 --- [GrpcService] [SpringApplicationShutdownHook] j.LocalContainerEntityManagerFactoryBean : Closing JPA EntityManagerFactory for persistence unit 'default'
2024-12-07T22:09:08.592+01:00  WARN 37528 --- [GrpcService] [SpringApplicationShutdownHook] o.s.b.f.support.DisposableBeanAdapter    : Invocation of destroy method failed on bean with name 'inMemoryDatabaseShutdownExecutor': org.h2.jdbc.JdbcSQLNonTransientConnectionException: La base de données est déjà fermée (pour désactiver la fermeture automatique à l'arrêt de la VM, ajoutez "; DB_CLOSE_ON_EXIT = FALSE" à l'URL db)
Database is already closed (to disable automatic closing at VM shutdown, add ";DB_CLOSE_ON_EXIT=FALSE" to the db URL) [90121-232]
2024-12-07T22:09:08.592+01:00  INFO 37528 --- [GrpcService] [SpringApplicationShutdownHook] com.zaxxer.hikari.HikariDataSource       : HikariPool-1 - Shutdown initiated...
2024-12-07T22:09:08.594+01:00  INFO 37528 --- [GrpcService] [SpringApplicationShutdownHook] com.zaxxer.hikari.HikariDataSource       : HikariPool-1 - Shutdown completed.
2024-12-07T22:09:11.035+01:00  INFO 4100 --- [GrpcService] [restartedMain] c.example.Grpc.GrpcServiceApplication    : Starting GrpcServiceApplication using Java 21.0.4 with PID 4100 (C:\Users\smolv\Downloads\GrpcService\target\classes started by smolv in C:\Users\smolv\Downloads\GrpcService)
2024-12-07T22:09:11.038+01:00  INFO 4100 --- [GrpcService] [restartedMain] c.example.Grpc.GrpcServiceApplication    : No active profile set, falling back to 1 default profile: "default"
2024-12-07T22:09:11.097+01:00  INFO 4100 --- [GrpcService] [restartedMain] .e.DevToolsPropertyDefaultsPostProcessor : Devtools property defaults active! Set 'spring.devtools.add-properties' to 'false' to disable
2024-12-07T22:09:11.097+01:00  INFO 4100 --- [GrpcService] [restartedMain] .e.DevToolsPropertyDefaultsPostProcessor : For additional web related logging consider setting the 'logging.level.web' property to 'DEBUG'
2024-12-07T22:09:11.648+01:00  INFO 4100 --- [GrpcService] [restartedMain] .s.d.r.c.RepositoryConfigurationDelegate : Bootstrapping Spring Data JPA repositories in DEFAULT mode.
2024-12-07T22:09:11.665+01:00  INFO 4100 --- [GrpcService] [restartedMain] .s.d.r.c.RepositoryConfigurationDelegate : Finished Spring Data repository scanning in 10 ms. Found 0 JPA repository interfaces.
2024-12-07T22:09:12.113+01:00  INFO 4100 --- [GrpcService] [restartedMain] o.s.b.w.embedded.tomcat.TomcatWebServer  : Tomcat initialized with port 8080 (http)
2024-12-07T22:09:12.126+01:00  INFO 4100 --- [GrpcService] [restartedMain] o.apache.catalina.core.StandardService   : Starting service [Tomcat]
2024-12-07T22:09:12.126+01:00  INFO 4100 --- [GrpcService] [restartedMain] o.apache.catalina.core.StandardEngine    : Starting Servlet engine: [Apache Tomcat/10.1.33]
2024-12-07T22:09:12.172+01:00  INFO 4100 --- [GrpcService] [restartedMain] o.a.c.c.C.[Tomcat].[localhost].[/]       : Initializing Spring embedded WebApplicationContext
2024-12-07T22:09:12.172+01:00  INFO 4100 --- [GrpcService] [restartedMain] w.s.c.ServletWebServerApplicationContext : Root WebApplicationContext: initialization completed in 1074 ms
2024-12-07T22:09:12.199+01:00  INFO 4100 --- [GrpcService] [restartedMain] com.zaxxer.hikari.HikariDataSource       : HikariPool-1 - Starting...
2024-12-07T22:09:12.379+01:00  INFO 4100 --- [GrpcService] [restartedMain] com.zaxxer.hikari.pool.HikariPool        : HikariPool-1 - Added connection conn0: url=jdbc:h2:mem:testdb user=SA
2024-12-07T22:09:12.381+01:00  INFO 4100 --- [GrpcService] [restartedMain] com.zaxxer.hikari.HikariDataSource       : HikariPool-1 - Start completed.
2024-12-07T22:09:12.389+01:00  INFO 4100 --- [GrpcService] [restartedMain] o.s.b.a.h2.H2ConsoleAutoConfiguration    : H2 console available at '/h2-console'. Database available at 'jdbc:h2:mem:testdb'
2024-12-07T22:09:12.513+01:00  INFO 4100 --- [GrpcService] [restartedMain] o.hibernate.jpa.internal.util.LogHelper  : HHH000204: Processing PersistenceUnitInfo [name: default]
2024-12-07T22:09:12.586+01:00  INFO 4100 --- [GrpcService] [restartedMain] org.hibernate.Version                    : HHH000412: Hibernate ORM core version 6.6.2.Final
2024-12-07T22:09:12.623+01:00  INFO 4100 --- [GrpcService] [restartedMain] o.h.c.internal.RegionFactoryInitiator    : HHH000026: Second-level cache disabled
2024-12-07T22:09:12.865+01:00  INFO 4100 --- [GrpcService] [restartedMain] o.s.o.j.p.SpringPersistenceUnitInfo      : No LoadTimeWeaver setup: ignoring JPA class transformer
2024-12-07T22:09:12.911+01:00  WARN 4100 --- [GrpcService] [restartedMain] org.hibernate.orm.deprecation            : HHH90000025: H2Dialect does not need to be specified explicitly using 'hibernate.dialect' (remove the property setting and it will be selected by default)
2024-12-07T22:09:12.925+01:00  INFO 4100 --- [GrpcService] [restartedMain] org.hibernate.orm.connections.pooling    : HHH10001005: Database info:
	Database JDBC URL [Connecting through datasource 'HikariDataSource (HikariPool-1)']
	Database driver: undefined/unknown
	Database version: 2.3.232
	Autocommit mode: undefined/unknown
	Isolation level: undefined/unknown
	Minimum pool size: undefined/unknown
	Maximum pool size: undefined/unknown
2024-12-07T22:09:13.209+01:00  INFO 4100 --- [GrpcService] [restartedMain] o.h.e.t.j.p.i.JtaPlatformInitiator       : HHH000489: No JTA platform available (set 'hibernate.transaction.jta.platform' to enable JTA platform integration)
2024-12-07T22:09:13.213+01:00  INFO 4100 --- [GrpcService] [restartedMain] j.LocalContainerEntityManagerFactoryBean : Initialized JPA EntityManagerFactory for persistence unit 'default'
2024-12-07T22:09:13.252+01:00  WARN 4100 --- [GrpcService] [restartedMain] JpaBaseConfiguration$JpaWebConfiguration : spring.jpa.open-in-view is enabled by default. Therefore, database queries may be performed during view rendering. Explicitly configure spring.jpa.open-in-view to disable this warning
2024-12-07T22:09:13.566+01:00  INFO 4100 --- [GrpcService] [restartedMain] o.s.b.d.a.OptionalLiveReloadServer       : LiveReload server is running on port 35729
2024-12-07T22:09:13.593+01:00  INFO 4100 --- [GrpcService] [restartedMain] o.s.b.w.embedded.tomcat.TomcatWebServer  : Tomcat started on port 8080 (http) with context path '/'
2024-12-07T22:09:13.600+01:00  INFO 4100 --- [GrpcService] [restartedMain] c.example.Grpc.GrpcServiceApplication    : Started GrpcServiceApplication in 2.965 seconds (process running for 3.629)
2024-12-07T22:16:04.459+01:00  INFO 4100 --- [GrpcService] [http-nio-8080-exec-5] o.a.c.c.C.[Tomcat].[localhost].[/]       : Initializing Spring DispatcherServlet 'dispatcherServlet'
2024-12-07T22:16:04.460+01:00  INFO 4100 --- [GrpcService] [http-nio-8080-exec-5] o.s.web.servlet.DispatcherServlet        : Initializing Servlet 'dispatcherServlet'
2024-12-07T22:16:04.462+01:00  INFO 4100 --- [GrpcService] [http-nio-8080-exec-5] o.s.web.servlet.DispatcherServlet        : Completed initialization in 1 ms
2024-12-07T22:23:07.285+01:00  INFO 4100 --- [GrpcService] [SpringApplicationShutdownHook] o.s.b.w.e.tomcat.GracefulShutdown        : Commencing graceful shutdown. Waiting for active requests to complete
2024-12-07T22:23:07.290+01:00  INFO 4100 --- [GrpcService] [tomcat-shutdown] o.s.b.w.e.tomcat.GracefulShutdown        : Graceful shutdown complete
2024-12-07T22:23:07.294+01:00  INFO 4100 --- [GrpcService] [SpringApplicationShutdownHook] j.LocalContainerEntityManagerFactoryBean : Closing JPA EntityManagerFactory for persistence unit 'default'
2024-12-07T22:23:07.303+01:00  WARN 4100 --- [GrpcService] [SpringApplicationShutdownHook] o.s.b.f.support.DisposableBeanAdapter    : Invocation of destroy method failed on bean with name 'inMemoryDatabaseShutdownExecutor': org.h2.jdbc.JdbcSQLNonTransientConnectionException: La base de données est déjà fermée (pour désactiver la fermeture automatique à l'arrêt de la VM, ajoutez "; DB_CLOSE_ON_EXIT = FALSE" à l'URL db)
Database is already closed (to disable automatic closing at VM shutdown, add ";DB_CLOSE_ON_EXIT=FALSE" to the db URL) [90121-232]
2024-12-07T22:23:07.303+01:00  INFO 4100 --- [GrpcService] [SpringApplicationShutdownHook] com.zaxxer.hikari.HikariDataSource       : HikariPool-1 - Shutdown initiated...
2024-12-07T22:23:07.305+01:00  INFO 4100 --- [GrpcService] [SpringApplicationShutdownHook] com.zaxxer.hikari.HikariDataSource       : HikariPool-1 - Shutdown completed.
2024-12-07T22:23:09.759+01:00  INFO 11728 --- [GrpcService] [restartedMain] c.example.Grpc.GrpcServiceApplication    : Starting GrpcServiceApplication using Java 21.0.4 with PID 11728 (C:\Users\smolv\Downloads\GrpcService\target\classes started by smolv in C:\Users\smolv\Downloads\GrpcService)
2024-12-07T22:23:09.761+01:00  INFO 11728 --- [GrpcService] [restartedMain] c.example.Grpc.GrpcServiceApplication    : No active profile set, falling back to 1 default profile: "default"
2024-12-07T22:23:09.804+01:00  INFO 11728 --- [GrpcService] [restartedMain] .e.DevToolsPropertyDefaultsPostProcessor : Devtools property defaults active! Set 'spring.devtools.add-properties' to 'false' to disable
2024-12-07T22:23:09.805+01:00  INFO 11728 --- [GrpcService] [restartedMain] .e.DevToolsPropertyDefaultsPostProcessor : For additional web related logging consider setting the 'logging.level.web' property to 'DEBUG'
2024-12-07T22:23:10.306+01:00  INFO 11728 --- [GrpcService] [restartedMain] .s.d.r.c.RepositoryConfigurationDelegate : Bootstrapping Spring Data JPA repositories in DEFAULT mode.
2024-12-07T22:23:10.323+01:00  INFO 11728 --- [GrpcService] [restartedMain] .s.d.r.c.RepositoryConfigurationDelegate : Finished Spring Data repository scanning in 10 ms. Found 0 JPA repository interfaces.
2024-12-07T22:23:10.832+01:00  INFO 11728 --- [GrpcService] [restartedMain] o.s.b.w.embedded.tomcat.TomcatWebServer  : Tomcat initialized with port 8080 (http)
2024-12-07T22:23:10.845+01:00  INFO 11728 --- [GrpcService] [restartedMain] o.apache.catalina.core.StandardService   : Starting service [Tomcat]
2024-12-07T22:23:10.845+01:00  INFO 11728 --- [GrpcService] [restartedMain] o.apache.catalina.core.StandardEngine    : Starting Servlet engine: [Apache Tomcat/10.1.33]
2024-12-07T22:23:10.890+01:00  INFO 11728 --- [GrpcService] [restartedMain] o.a.c.c.C.[Tomcat].[localhost].[/]       : Initializing Spring embedded WebApplicationContext
2024-12-07T22:23:10.890+01:00  INFO 11728 --- [GrpcService] [restartedMain] w.s.c.ServletWebServerApplicationContext : Root WebApplicationContext: initialization completed in 1084 ms
2024-12-07T22:23:10.914+01:00  INFO 11728 --- [GrpcService] [restartedMain] com.zaxxer.hikari.HikariDataSource       : HikariPool-1 - Starting...
2024-12-07T22:23:11.085+01:00  INFO 11728 --- [GrpcService] [restartedMain] com.zaxxer.hikari.pool.HikariPool        : HikariPool-1 - Added connection conn0: url=jdbc:h2:mem:testdb user=SA
2024-12-07T22:23:11.087+01:00  INFO 11728 --- [GrpcService] [restartedMain] com.zaxxer.hikari.HikariDataSource       : HikariPool-1 - Start completed.
2024-12-07T22:23:11.097+01:00  INFO 11728 --- [GrpcService] [restartedMain] o.s.b.a.h2.H2ConsoleAutoConfiguration    : H2 console available at '/h2-console'. Database available at 'jdbc:h2:mem:testdb'
2024-12-07T22:23:11.217+01:00  INFO 11728 --- [GrpcService] [restartedMain] o.hibernate.jpa.internal.util.LogHelper  : HHH000204: Processing PersistenceUnitInfo [name: default]
2024-12-07T22:23:11.287+01:00  INFO 11728 --- [GrpcService] [restartedMain] org.hibernate.Version                    : HHH000412: Hibernate ORM core version 6.6.2.Final
2024-12-07T22:23:11.325+01:00  INFO 11728 --- [GrpcService] [restartedMain] o.h.c.internal.RegionFactoryInitiator    : HHH000026: Second-level cache disabled
2024-12-07T22:23:11.564+01:00  INFO 11728 --- [GrpcService] [restartedMain] o.s.o.j.p.SpringPersistenceUnitInfo      : No LoadTimeWeaver setup: ignoring JPA class transformer
2024-12-07T22:23:11.630+01:00  WARN 11728 --- [GrpcService] [restartedMain] org.hibernate.orm.deprecation            : HHH90000025: H2Dialect does not need to be specified explicitly using 'hibernate.dialect' (remove the property setting and it will be selected by default)
2024-12-07T22:23:11.652+01:00  INFO 11728 --- [GrpcService] [restartedMain] org.hibernate.orm.connections.pooling    : HHH10001005: Database info:
	Database JDBC URL [Connecting through datasource 'HikariDataSource (HikariPool-1)']
	Database driver: undefined/unknown
	Database version: 2.3.232
	Autocommit mode: undefined/unknown
	Isolation level: undefined/unknown
	Minimum pool size: undefined/unknown
	Maximum pool size: undefined/unknown
2024-12-07T22:23:11.985+01:00  INFO 11728 --- [GrpcService] [restartedMain] o.h.e.t.j.p.i.JtaPlatformInitiator       : HHH000489: No JTA platform available (set 'hibernate.transaction.jta.platform' to enable JTA platform integration)
2024-12-07T22:23:11.990+01:00  INFO 11728 --- [GrpcService] [restartedMain] j.LocalContainerEntityManagerFactoryBean : Initialized JPA EntityManagerFactory for persistence unit 'default'
2024-12-07T22:23:12.035+01:00  WARN 11728 --- [GrpcService] [restartedMain] JpaBaseConfiguration$JpaWebConfiguration : spring.jpa.open-in-view is enabled by default. Therefore, database queries may be performed during view rendering. Explicitly configure spring.jpa.open-in-view to disable this warning
2024-12-07T22:23:12.368+01:00  INFO 11728 --- [GrpcService] [restartedMain] o.s.b.d.a.OptionalLiveReloadServer       : LiveReload server is running on port 35729
2024-12-07T22:23:12.400+01:00  INFO 11728 --- [GrpcService] [restartedMain] o.s.b.w.embedded.tomcat.TomcatWebServer  : Tomcat started on port 8080 (http) with context path '/'
2024-12-07T22:23:12.408+01:00  INFO 11728 --- [GrpcService] [restartedMain] c.example.Grpc.GrpcServiceApplication    : Started GrpcServiceApplication in 3.025 seconds (process running for 3.682)
2024-12-07T22:26:33.641+01:00  INFO 11728 --- [GrpcService] [File Watcher] rtingClassPathChangeChangedEventListener : Restarting due to 76 class path changes (0 additions, 76 deletions, 0 modifications)
2024-12-07T22:26:33.645+01:00  INFO 11728 --- [GrpcService] [Thread-5] o.s.b.w.e.tomcat.GracefulShutdown        : Commencing graceful shutdown. Waiting for active requests to complete
2024-12-07T22:26:33.650+01:00  INFO 11728 --- [GrpcService] [tomcat-shutdown] o.s.b.w.e.tomcat.GracefulShutdown        : Graceful shutdown complete
2024-12-07T22:26:33.654+01:00  INFO 11728 --- [GrpcService] [Thread-5] j.LocalContainerEntityManagerFactoryBean : Closing JPA EntityManagerFactory for persistence unit 'default'
2024-12-07T22:26:33.661+01:00  WARN 11728 --- [GrpcService] [Thread-5] o.s.b.f.support.DisposableBeanAdapter    : Invocation of destroy method failed on bean with name 'inMemoryDatabaseShutdownExecutor': org.h2.jdbc.JdbcSQLNonTransientConnectionException: La base de données est déjà fermée (pour désactiver la fermeture automatique à l'arrêt de la VM, ajoutez "; DB_CLOSE_ON_EXIT = FALSE" à l'URL db)
Database is already closed (to disable automatic closing at VM shutdown, add ";DB_CLOSE_ON_EXIT=FALSE" to the db URL) [90121-232]
2024-12-07T22:26:33.662+01:00  INFO 11728 --- [GrpcService] [Thread-5] com.zaxxer.hikari.HikariDataSource       : HikariPool-1 - Shutdown initiated...
2024-12-07T22:26:33.664+01:00  INFO 11728 --- [GrpcService] [Thread-5] com.zaxxer.hikari.HikariDataSource       : HikariPool-1 - Shutdown completed.
2024-12-07T22:26:42.891+01:00  INFO 11728 --- [GrpcService] [restartedMain] c.example.Grpc.GrpcServiceApplication    : Starting GrpcServiceApplication using Java 21.0.4 with PID 11728 (C:\Users\smolv\Downloads\GrpcService\target\classes started by smolv in C:\Users\smolv\Downloads\GrpcService)
2024-12-07T22:26:42.891+01:00  INFO 11728 --- [GrpcService] [restartedMain] c.example.Grpc.GrpcServiceApplication    : No active profile set, falling back to 1 default profile: "default"
2024-12-07T22:26:43.106+01:00  INFO 11728 --- [GrpcService] [restartedMain] .s.d.r.c.RepositoryConfigurationDelegate : Bootstrapping Spring Data JPA repositories in DEFAULT mode.
2024-12-07T22:26:43.108+01:00  INFO 11728 --- [GrpcService] [restartedMain] .s.d.r.c.RepositoryConfigurationDelegate : Finished Spring Data repository scanning in 0 ms. Found 0 JPA repository interfaces.
2024-12-07T22:26:43.252+01:00  INFO 11728 --- [GrpcService] [restartedMain] o.s.b.w.embedded.tomcat.TomcatWebServer  : Tomcat initialized with port 8080 (http)
2024-12-07T22:26:43.253+01:00  INFO 11728 --- [GrpcService] [restartedMain] o.apache.catalina.core.StandardService   : Starting service [Tomcat]
2024-12-07T22:26:43.253+01:00  INFO 11728 --- [GrpcService] [restartedMain] o.apache.catalina.core.StandardEngine    : Starting Servlet engine: [Apache Tomcat/10.1.33]
2024-12-07T22:26:43.284+01:00  INFO 11728 --- [GrpcService] [restartedMain] o.a.c.c.C.[Tomcat].[localhost].[/]       : Initializing Spring embedded WebApplicationContext
2024-12-07T22:26:43.284+01:00  INFO 11728 --- [GrpcService] [restartedMain] w.s.c.ServletWebServerApplicationContext : Root WebApplicationContext: initialization completed in 389 ms
2024-12-07T22:26:43.309+01:00  INFO 11728 --- [GrpcService] [restartedMain] com.zaxxer.hikari.HikariDataSource       : HikariPool-3 - Starting...
2024-12-07T22:26:43.314+01:00  INFO 11728 --- [GrpcService] [restartedMain] com.zaxxer.hikari.pool.HikariPool        : HikariPool-3 - Added connection conn20: url=jdbc:h2:mem:testdb user=SA
2024-12-07T22:26:43.315+01:00  INFO 11728 --- [GrpcService] [restartedMain] com.zaxxer.hikari.HikariDataSource       : HikariPool-3 - Start completed.
2024-12-07T22:26:43.316+01:00  INFO 11728 --- [GrpcService] [restartedMain] o.s.b.a.h2.H2ConsoleAutoConfiguration    : H2 console available at '/h2-console'. Database available at 'jdbc:h2:mem:testdb'
2024-12-07T22:26:43.360+01:00  INFO 11728 --- [GrpcService] [restartedMain] o.hibernate.jpa.internal.util.LogHelper  : HHH000204: Processing PersistenceUnitInfo [name: default]
2024-12-07T22:26:43.365+01:00  INFO 11728 --- [GrpcService] [restartedMain] o.h.c.internal.RegionFactoryInitiator    : HHH000026: Second-level cache disabled
2024-12-07T22:26:43.380+01:00  INFO 11728 --- [GrpcService] [restartedMain] o.s.o.j.p.SpringPersistenceUnitInfo      : No LoadTimeWeaver setup: ignoring JPA class transformer
2024-12-07T22:26:43.384+01:00  WARN 11728 --- [GrpcService] [restartedMain] org.hibernate.orm.deprecation            : HHH90000025: H2Dialect does not need to be specified explicitly using 'hibernate.dialect' (remove the property setting and it will be selected by default)
2024-12-07T22:26:43.385+01:00  INFO 11728 --- [GrpcService] [restartedMain] org.hibernate.orm.connections.pooling    : HHH10001005: Database info:
	Database JDBC URL [Connecting through datasource 'HikariDataSource (HikariPool-3)']
	Database driver: undefined/unknown
	Database version: 2.3.232
	Autocommit mode: undefined/unknown
	Isolation level: undefined/unknown
	Minimum pool size: undefined/unknown
	Maximum pool size: undefined/unknown
2024-12-07T22:26:43.408+01:00  INFO 11728 --- [GrpcService] [restartedMain] o.h.e.t.j.p.i.JtaPlatformInitiator       : HHH000489: No JTA platform available (set 'hibernate.transaction.jta.platform' to enable JTA platform integration)
2024-12-07T22:26:43.408+01:00  INFO 11728 --- [GrpcService] [restartedMain] j.LocalContainerEntityManagerFactoryBean : Initialized JPA EntityManagerFactory for persistence unit 'default'
2024-12-07T22:26:43.433+01:00  WARN 11728 --- [GrpcService] [restartedMain] JpaBaseConfiguration$JpaWebConfiguration : spring.jpa.open-in-view is enabled by default. Therefore, database queries may be performed during view rendering. Explicitly configure spring.jpa.open-in-view to disable this warning
2024-12-07T22:26:43.567+01:00  INFO 11728 --- [GrpcService] [restartedMain] o.s.b.d.a.OptionalLiveReloadServer       : LiveReload server is running on port 35729
2024-12-07T22:26:43.584+01:00  INFO 11728 --- [GrpcService] [restartedMain] o.s.b.w.embedded.tomcat.TomcatWebServer  : Tomcat started on port 8080 (http) with context path '/'
2024-12-07T22:26:43.588+01:00  INFO 11728 --- [GrpcService] [restartedMain] c.example.Grpc.GrpcServiceApplication    : Started GrpcServiceApplication in 0.742 seconds (process running for 214.862)
2024-12-07T22:26:43.590+01:00  INFO 11728 --- [GrpcService] [restartedMain] .ConditionEvaluationDeltaLoggingListener : Condition evaluation unchanged
2024-12-07T22:26:48.741+01:00  INFO 11728 --- [GrpcService] [File Watcher] rtingClassPathChangeChangedEventListener : Restarting due to 74 class path changes (74 additions, 0 deletions, 0 modifications)
2024-12-07T22:26:48.744+01:00  INFO 11728 --- [GrpcService] [Thread-12] o.s.b.w.e.tomcat.GracefulShutdown        : Commencing graceful shutdown. Waiting for active requests to complete
2024-12-07T22:26:48.751+01:00  INFO 11728 --- [GrpcService] [tomcat-shutdown] o.s.b.w.e.tomcat.GracefulShutdown        : Graceful shutdown complete
2024-12-07T22:26:48.754+01:00  INFO 11728 --- [GrpcService] [Thread-12] j.LocalContainerEntityManagerFactoryBean : Closing JPA EntityManagerFactory for persistence unit 'default'
2024-12-07T22:26:48.756+01:00  WARN 11728 --- [GrpcService] [Thread-12] o.s.b.f.support.DisposableBeanAdapter    : Invocation of destroy method failed on bean with name 'inMemoryDatabaseShutdownExecutor': org.h2.jdbc.JdbcSQLNonTransientConnectionException: La base de données est déjà fermée (pour désactiver la fermeture automatique à l'arrêt de la VM, ajoutez "; DB_CLOSE_ON_EXIT = FALSE" à l'URL db)
Database is already closed (to disable automatic closing at VM shutdown, add ";DB_CLOSE_ON_EXIT=FALSE" to the db URL) [90121-232]
2024-12-07T22:26:48.757+01:00  INFO 11728 --- [GrpcService] [Thread-12] com.zaxxer.hikari.HikariDataSource       : HikariPool-3 - Shutdown initiated...
2024-12-07T22:26:48.758+01:00  INFO 11728 --- [GrpcService] [Thread-12] com.zaxxer.hikari.HikariDataSource       : HikariPool-3 - Shutdown completed.
2024-12-07T22:26:48.850+01:00  INFO 11728 --- [GrpcService] [restartedMain] c.example.Grpc.GrpcServiceApplication    : Starting GrpcServiceApplication using Java 21.0.4 with PID 11728 (C:\Users\smolv\Downloads\GrpcService\target\classes started by smolv in C:\Users\smolv\Downloads\GrpcService)
2024-12-07T22:26:48.851+01:00  INFO 11728 --- [GrpcService] [restartedMain] c.example.Grpc.GrpcServiceApplication    : No active profile set, falling back to 1 default profile: "default"
2024-12-07T22:26:49.062+01:00  INFO 11728 --- [GrpcService] [restartedMain] .s.d.r.c.RepositoryConfigurationDelegate : Bootstrapping Spring Data JPA repositories in DEFAULT mode.
2024-12-07T22:26:49.068+01:00  INFO 11728 --- [GrpcService] [restartedMain] .s.d.r.c.RepositoryConfigurationDelegate : Finished Spring Data repository scanning in 4 ms. Found 0 JPA repository interfaces.
2024-12-07T22:26:49.163+01:00  INFO 11728 --- [GrpcService] [restartedMain] o.s.b.w.embedded.tomcat.TomcatWebServer  : Tomcat initialized with port 8080 (http)
2024-12-07T22:26:49.164+01:00  INFO 11728 --- [GrpcService] [restartedMain] o.apache.catalina.core.StandardService   : Starting service [Tomcat]
2024-12-07T22:26:49.165+01:00  INFO 11728 --- [GrpcService] [restartedMain] o.apache.catalina.core.StandardEngine    : Starting Servlet engine: [Apache Tomcat/10.1.33]
2024-12-07T22:26:49.186+01:00  INFO 11728 --- [GrpcService] [restartedMain] o.a.c.c.C.[Tomcat].[localhost].[/]       : Initializing Spring embedded WebApplicationContext
2024-12-07T22:26:49.187+01:00  INFO 11728 --- [GrpcService] [restartedMain] w.s.c.ServletWebServerApplicationContext : Root WebApplicationContext: initialization completed in 334 ms
2024-12-07T22:26:49.205+01:00  INFO 11728 --- [GrpcService] [restartedMain] com.zaxxer.hikari.HikariDataSource       : HikariPool-4 - Starting...
2024-12-07T22:26:49.207+01:00  INFO 11728 --- [GrpcService] [restartedMain] com.zaxxer.hikari.pool.HikariPool        : HikariPool-4 - Added connection conn30: url=jdbc:h2:mem:testdb user=SA
2024-12-07T22:26:49.208+01:00  INFO 11728 --- [GrpcService] [restartedMain] com.zaxxer.hikari.HikariDataSource       : HikariPool-4 - Start completed.
2024-12-07T22:26:49.208+01:00  INFO 11728 --- [GrpcService] [restartedMain] o.s.b.a.h2.H2ConsoleAutoConfiguration    : H2 console available at '/h2-console'. Database available at 'jdbc:h2:mem:testdb'
2024-12-07T22:26:49.236+01:00  INFO 11728 --- [GrpcService] [restartedMain] o.hibernate.jpa.internal.util.LogHelper  : HHH000204: Processing PersistenceUnitInfo [name: default]
2024-12-07T22:26:49.241+01:00  INFO 11728 --- [GrpcService] [restartedMain] o.h.c.internal.RegionFactoryInitiator    : HHH000026: Second-level cache disabled
2024-12-07T22:26:49.249+01:00  INFO 11728 --- [GrpcService] [restartedMain] o.s.o.j.p.SpringPersistenceUnitInfo      : No LoadTimeWeaver setup: ignoring JPA class transformer
2024-12-07T22:26:49.250+01:00  WARN 11728 --- [GrpcService] [restartedMain] org.hibernate.orm.deprecation            : HHH90000025: H2Dialect does not need to be specified explicitly using 'hibernate.dialect' (remove the property setting and it will be selected by default)
2024-12-07T22:26:49.251+01:00  INFO 11728 --- [GrpcService] [restartedMain] org.hibernate.orm.connections.pooling    : HHH10001005: Database info:
	Database JDBC URL [Connecting through datasource 'HikariDataSource (HikariPool-4)']
	Database driver: undefined/unknown
	Database version: 2.3.232
	Autocommit mode: undefined/unknown
	Isolation level: undefined/unknown
	Minimum pool size: undefined/unknown
	Maximum pool size: undefined/unknown
2024-12-07T22:26:49.270+01:00  INFO 11728 --- [GrpcService] [restartedMain] o.h.e.t.j.p.i.JtaPlatformInitiator       : HHH000489: No JTA platform available (set 'hibernate.transaction.jta.platform' to enable JTA platform integration)
2024-12-07T22:26:49.270+01:00  INFO 11728 --- [GrpcService] [restartedMain] j.LocalContainerEntityManagerFactoryBean : Initialized JPA EntityManagerFactory for persistence unit 'default'
2024-12-07T22:26:49.305+01:00  WARN 11728 --- [GrpcService] [restartedMain] JpaBaseConfiguration$JpaWebConfiguration : spring.jpa.open-in-view is enabled by default. Therefore, database queries may be performed during view rendering. Explicitly configure spring.jpa.open-in-view to disable this warning
2024-12-07T22:26:49.415+01:00  INFO 11728 --- [GrpcService] [restartedMain] o.s.b.d.a.OptionalLiveReloadServer       : LiveReload server is running on port 35729
2024-12-07T22:26:49.431+01:00  INFO 11728 --- [GrpcService] [restartedMain] o.s.b.w.embedded.tomcat.TomcatWebServer  : Tomcat started on port 8080 (http) with context path '/'
2024-12-07T22:26:49.435+01:00  INFO 11728 --- [GrpcService] [restartedMain] c.example.Grpc.GrpcServiceApplication    : Started GrpcServiceApplication in 0.618 seconds (process running for 220.709)
2024-12-07T22:26:49.438+01:00  INFO 11728 --- [GrpcService] [restartedMain] .ConditionEvaluationDeltaLoggingListener : Condition evaluation unchanged
2024-12-07T22:27:00.084+01:00  INFO 11728 --- [GrpcService] [SpringApplicationShutdownHook] o.s.b.w.e.tomcat.GracefulShutdown        : Commencing graceful shutdown. Waiting for active requests to complete
2024-12-07T22:27:00.088+01:00  INFO 11728 --- [GrpcService] [tomcat-shutdown] o.s.b.w.e.tomcat.GracefulShutdown        : Graceful shutdown complete
2024-12-07T22:27:00.090+01:00  INFO 11728 --- [GrpcService] [SpringApplicationShutdownHook] j.LocalContainerEntityManagerFactoryBean : Closing JPA EntityManagerFactory for persistence unit 'default'
2024-12-07T22:27:00.090+01:00  WARN 11728 --- [GrpcService] [SpringApplicationShutdownHook] o.s.b.f.support.DisposableBeanAdapter    : Invocation of destroy method failed on bean with name 'inMemoryDatabaseShutdownExecutor': org.h2.jdbc.JdbcSQLNonTransientConnectionException: La base de données est déjà fermée (pour désactiver la fermeture automatique à l'arrêt de la VM, ajoutez "; DB_CLOSE_ON_EXIT = FALSE" à l'URL db)
Database is already closed (to disable automatic closing at VM shutdown, add ";DB_CLOSE_ON_EXIT=FALSE" to the db URL) [90121-232]
2024-12-07T22:27:00.090+01:00  INFO 11728 --- [GrpcService] [SpringApplicationShutdownHook] com.zaxxer.hikari.HikariDataSource       : HikariPool-4 - Shutdown initiated...
2024-12-07T22:27:00.091+01:00  INFO 11728 --- [GrpcService] [SpringApplicationShutdownHook] com.zaxxer.hikari.HikariDataSource       : HikariPool-4 - Shutdown completed.
2024-12-07T22:27:08.438+01:00  INFO 17532 --- [GrpcService] [restartedMain] c.example.Grpc.GrpcServiceApplication    : Starting GrpcServiceApplication using Java 21.0.4 with PID 17532 (C:\Users\smolv\Downloads\GrpcService\target\classes started by smolv in C:\Users\smolv\Downloads\GrpcService)
2024-12-07T22:27:08.440+01:00  INFO 17532 --- [GrpcService] [restartedMain] c.example.Grpc.GrpcServiceApplication    : No active profile set, falling back to 1 default profile: "default"
2024-12-07T22:27:08.479+01:00  INFO 17532 --- [GrpcService] [restartedMain] .e.DevToolsPropertyDefaultsPostProcessor : Devtools property defaults active! Set 'spring.devtools.add-properties' to 'false' to disable
2024-12-07T22:27:08.480+01:00  INFO 17532 --- [GrpcService] [restartedMain] .e.DevToolsPropertyDefaultsPostProcessor : For additional web related logging consider setting the 'logging.level.web' property to 'DEBUG'
2024-12-07T22:27:08.971+01:00  INFO 17532 --- [GrpcService] [restartedMain] .s.d.r.c.RepositoryConfigurationDelegate : Bootstrapping Spring Data JPA repositories in DEFAULT mode.
2024-12-07T22:27:08.989+01:00  INFO 17532 --- [GrpcService] [restartedMain] .s.d.r.c.RepositoryConfigurationDelegate : Finished Spring Data repository scanning in 10 ms. Found 0 JPA repository interfaces.
2024-12-07T22:27:09.426+01:00  INFO 17532 --- [GrpcService] [restartedMain] o.s.b.w.embedded.tomcat.TomcatWebServer  : Tomcat initialized with port 8080 (http)
2024-12-07T22:27:09.438+01:00  INFO 17532 --- [GrpcService] [restartedMain] o.apache.catalina.core.StandardService   : Starting service [Tomcat]
2024-12-07T22:27:09.439+01:00  INFO 17532 --- [GrpcService] [restartedMain] o.apache.catalina.core.StandardEngine    : Starting Servlet engine: [Apache Tomcat/10.1.33]
2024-12-07T22:27:09.480+01:00  INFO 17532 --- [GrpcService] [restartedMain] o.a.c.c.C.[Tomcat].[localhost].[/]       : Initializing Spring embedded WebApplicationContext
2024-12-07T22:27:09.480+01:00  INFO 17532 --- [GrpcService] [restartedMain] w.s.c.ServletWebServerApplicationContext : Root WebApplicationContext: initialization completed in 1000 ms
2024-12-07T22:27:09.504+01:00  INFO 17532 --- [GrpcService] [restartedMain] com.zaxxer.hikari.HikariDataSource       : HikariPool-1 - Starting...
2024-12-07T22:27:09.648+01:00  INFO 17532 --- [GrpcService] [restartedMain] com.zaxxer.hikari.pool.HikariPool        : HikariPool-1 - Added connection conn0: url=jdbc:h2:mem:testdb user=SA
2024-12-07T22:27:09.650+01:00  INFO 17532 --- [GrpcService] [restartedMain] com.zaxxer.hikari.HikariDataSource       : HikariPool-1 - Start completed.
2024-12-07T22:27:09.660+01:00  INFO 17532 --- [GrpcService] [restartedMain] o.s.b.a.h2.H2ConsoleAutoConfiguration    : H2 console available at '/h2-console'. Database available at 'jdbc:h2:mem:testdb'
2024-12-07T22:27:09.776+01:00  INFO 17532 --- [GrpcService] [restartedMain] o.hibernate.jpa.internal.util.LogHelper  : HHH000204: Processing PersistenceUnitInfo [name: default]
2024-12-07T22:27:09.832+01:00  INFO 17532 --- [GrpcService] [restartedMain] org.hibernate.Version                    : HHH000412: Hibernate ORM core version 6.6.2.Final
2024-12-07T22:27:09.869+01:00  INFO 17532 --- [GrpcService] [restartedMain] o.h.c.internal.RegionFactoryInitiator    : HHH000026: Second-level cache disabled
2024-12-07T22:27:10.098+01:00  INFO 17532 --- [GrpcService] [restartedMain] o.s.o.j.p.SpringPersistenceUnitInfo      : No LoadTimeWeaver setup: ignoring JPA class transformer
2024-12-07T22:27:10.137+01:00  WARN 17532 --- [GrpcService] [restartedMain] org.hibernate.orm.deprecation            : HHH90000025: H2Dialect does not need to be specified explicitly using 'hibernate.dialect' (remove the property setting and it will be selected by default)
2024-12-07T22:27:10.150+01:00  INFO 17532 --- [GrpcService] [restartedMain] org.hibernate.orm.connections.pooling    : HHH10001005: Database info:
	Database JDBC URL [Connecting through datasource 'HikariDataSource (HikariPool-1)']
	Database driver: undefined/unknown
	Database version: 2.3.232
	Autocommit mode: undefined/unknown
	Isolation level: undefined/unknown
	Minimum pool size: undefined/unknown
	Maximum pool size: undefined/unknown
2024-12-07T22:27:10.413+01:00  INFO 17532 --- [GrpcService] [restartedMain] o.h.e.t.j.p.i.JtaPlatformInitiator       : HHH000489: No JTA platform available (set 'hibernate.transaction.jta.platform' to enable JTA platform integration)
2024-12-07T22:27:10.417+01:00  INFO 17532 --- [GrpcService] [restartedMain] j.LocalContainerEntityManagerFactoryBean : Initialized JPA EntityManagerFactory for persistence unit 'default'
2024-12-07T22:27:10.465+01:00  WARN 17532 --- [GrpcService] [restartedMain] JpaBaseConfiguration$JpaWebConfiguration : spring.jpa.open-in-view is enabled by default. Therefore, database queries may be performed during view rendering. Explicitly configure spring.jpa.open-in-view to disable this warning
2024-12-07T22:27:10.807+01:00  INFO 17532 --- [GrpcService] [restartedMain] o.s.b.d.a.OptionalLiveReloadServer       : LiveReload server is running on port 35729
2024-12-07T22:27:10.839+01:00  INFO 17532 --- [GrpcService] [restartedMain] o.s.b.w.embedded.tomcat.TomcatWebServer  : Tomcat started on port 8080 (http) with context path '/'
2024-12-07T22:27:10.846+01:00  INFO 17532 --- [GrpcService] [restartedMain] c.example.Grpc.GrpcServiceApplication    : Started GrpcServiceApplication in 2.795 seconds (process running for 3.436)
2024-12-07T22:30:43.379+01:00  INFO 17532 --- [GrpcService] [SpringApplicationShutdownHook] o.s.b.w.e.tomcat.GracefulShutdown        : Commencing graceful shutdown. Waiting for active requests to complete
2024-12-07T22:30:43.385+01:00  INFO 17532 --- [GrpcService] [tomcat-shutdown] o.s.b.w.e.tomcat.GracefulShutdown        : Graceful shutdown complete
2024-12-07T22:30:43.388+01:00  INFO 17532 --- [GrpcService] [SpringApplicationShutdownHook] j.LocalContainerEntityManagerFactoryBean : Closing JPA EntityManagerFactory for persistence unit 'default'
2024-12-07T22:30:43.394+01:00  WARN 17532 --- [GrpcService] [SpringApplicationShutdownHook] o.s.b.f.support.DisposableBeanAdapter    : Invocation of destroy method failed on bean with name 'inMemoryDatabaseShutdownExecutor': org.h2.jdbc.JdbcSQLNonTransientConnectionException: La base de données est déjà fermée (pour désactiver la fermeture automatique à l'arrêt de la VM, ajoutez "; DB_CLOSE_ON_EXIT = FALSE" à l'URL db)
Database is already closed (to disable automatic closing at VM shutdown, add ";DB_CLOSE_ON_EXIT=FALSE" to the db URL) [90121-232]
2024-12-07T22:30:43.395+01:00  INFO 17532 --- [GrpcService] [SpringApplicationShutdownHook] com.zaxxer.hikari.HikariDataSource       : HikariPool-1 - Shutdown initiated...
2024-12-07T22:30:43.397+01:00  INFO 17532 --- [GrpcService] [SpringApplicationShutdownHook] com.zaxxer.hikari.HikariDataSource       : HikariPool-1 - Shutdown completed.
2024-12-07T22:30:51.642+01:00  INFO 35788 --- [GrpcService] [restartedMain] c.example.Grpc.GrpcServiceApplication    : Starting GrpcServiceApplication using Java 21.0.4 with PID 35788 (C:\Users\smolv\Downloads\GrpcService\target\classes started by smolv in C:\Users\smolv\Downloads\GrpcService)
2024-12-07T22:30:51.644+01:00  INFO 35788 --- [GrpcService] [restartedMain] c.example.Grpc.GrpcServiceApplication    : No active profile set, falling back to 1 default profile: "default"
2024-12-07T22:30:51.688+01:00  INFO 35788 --- [GrpcService] [restartedMain] .e.DevToolsPropertyDefaultsPostProcessor : Devtools property defaults active! Set 'spring.devtools.add-properties' to 'false' to disable
2024-12-07T22:30:51.688+01:00  INFO 35788 --- [GrpcService] [restartedMain] .e.DevToolsPropertyDefaultsPostProcessor : For additional web related logging consider setting the 'logging.level.web' property to 'DEBUG'
2024-12-07T22:30:51.768+01:00  WARN 35788 --- [GrpcService] [restartedMain] ConfigServletWebServerApplicationContext : Exception encountered during context initialization - cancelling refresh attempt: org.springframework.beans.factory.BeanDefinitionStoreException: I/O failure while processing configuration class [ma.projet.grpc.stubs.CompteServiceGrpc$CompteServiceImplBase]
2024-12-07T22:30:51.819+01:00 ERROR 35788 --- [GrpcService] [restartedMain] o.s.boot.SpringApplication               : Application run failed

org.springframework.beans.factory.BeanDefinitionStoreException: I/O failure while processing configuration class [ma.projet.grpc.stubs.CompteServiceGrpc$CompteServiceImplBase]
	at org.springframework.context.annotation.ConfigurationClassParser.processConfigurationClass(ConfigurationClassParser.java:272) ~[spring-context-6.2.0.jar:6.2.0]
	at org.springframework.context.annotation.ConfigurationClassParser.parse(ConfigurationClassParser.java:205) ~[spring-context-6.2.0.jar:6.2.0]
	at org.springframework.context.annotation.ConfigurationClassParser.doProcessConfigurationClass(ConfigurationClassParser.java:340) ~[spring-context-6.2.0.jar:6.2.0]
	at org.springframework.context.annotation.ConfigurationClassParser.processConfigurationClass(ConfigurationClassParser.java:267) ~[spring-context-6.2.0.jar:6.2.0]
	at org.springframework.context.annotation.ConfigurationClassParser.parse(ConfigurationClassParser.java:193) ~[spring-context-6.2.0.jar:6.2.0]
	at org.springframework.context.annotation.ConfigurationClassParser.parse(ConfigurationClassParser.java:171) ~[spring-context-6.2.0.jar:6.2.0]
	at org.springframework.context.annotation.ConfigurationClassPostProcessor.processConfigBeanDefinitions(ConfigurationClassPostProcessor.java:418) ~[spring-context-6.2.0.jar:6.2.0]
	at org.springframework.context.annotation.ConfigurationClassPostProcessor.postProcessBeanDefinitionRegistry(ConfigurationClassPostProcessor.java:290) ~[spring-context-6.2.0.jar:6.2.0]
	at org.springframework.context.support.PostProcessorRegistrationDelegate.invokeBeanDefinitionRegistryPostProcessors(PostProcessorRegistrationDelegate.java:349) ~[spring-context-6.2.0.jar:6.2.0]
	at org.springframework.context.support.PostProcessorRegistrationDelegate.invokeBeanFactoryPostProcessors(PostProcessorRegistrationDelegate.java:118) ~[spring-context-6.2.0.jar:6.2.0]
	at org.springframework.context.support.AbstractApplicationContext.invokeBeanFactoryPostProcessors(AbstractApplicationContext.java:791) ~[spring-context-6.2.0.jar:6.2.0]
	at org.springframework.context.support.AbstractApplicationContext.refresh(AbstractApplicationContext.java:609) ~[spring-context-6.2.0.jar:6.2.0]
	at org.springframework.boot.web.servlet.context.ServletWebServerApplicationContext.refresh(ServletWebServerApplicationContext.java:146) ~[spring-boot-3.4.0.jar:3.4.0]
	at org.springframework.boot.SpringApplication.refresh(SpringApplication.java:752) ~[spring-boot-3.4.0.jar:3.4.0]
	at org.springframework.boot.SpringApplication.refreshContext(SpringApplication.java:439) ~[spring-boot-3.4.0.jar:3.4.0]
	at org.springframework.boot.SpringApplication.run(SpringApplication.java:318) ~[spring-boot-3.4.0.jar:3.4.0]
	at org.springframework.boot.SpringApplication.run(SpringApplication.java:1361) ~[spring-boot-3.4.0.jar:3.4.0]
	at org.springframework.boot.SpringApplication.run(SpringApplication.java:1350) ~[spring-boot-3.4.0.jar:3.4.0]
	at com.example.Grpc.GrpcServiceApplication.main(GrpcServiceApplication.java:10) ~[classes/:na]
	at java.base/jdk.internal.reflect.DirectMethodHandleAccessor.invoke(DirectMethodHandleAccessor.java:103) ~[na:na]
	at java.base/java.lang.reflect.Method.invoke(Method.java:580) ~[na:na]
	at org.springframework.boot.devtools.restart.RestartLauncher.run(RestartLauncher.java:50) ~[spring-boot-devtools-3.4.0.jar:3.4.0]
Caused by: java.io.FileNotFoundException: class path resource [io/grpc/BindableService.class] cannot be opened because it does not exist
	at org.springframework.core.io.ClassPathResource.getInputStream(ClassPathResource.java:215) ~[spring-core-6.2.0.jar:6.2.0]
	at org.springframework.core.type.classreading.SimpleMetadataReader.getClassReader(SimpleMetadataReader.java:54) ~[spring-core-6.2.0.jar:6.2.0]
	at org.springframework.core.type.classreading.SimpleMetadataReader.<init>(SimpleMetadataReader.java:48) ~[spring-core-6.2.0.jar:6.2.0]
	at org.springframework.core.type.classreading.SimpleMetadataReaderFactory.getMetadataReader(SimpleMetadataReaderFactory.java:103) ~[spring-core-6.2.0.jar:6.2.0]
	at org.springframework.boot.type.classreading.ConcurrentReferenceCachingMetadataReaderFactory.createMetadataReader(ConcurrentReferenceCachingMetadataReaderFactory.java:98) ~[spring-boot-3.4.0.jar:3.4.0]
	at org.springframework.boot.type.classreading.ConcurrentReferenceCachingMetadataReaderFactory.getMetadataReader(ConcurrentReferenceCachingMetadataReaderFactory.java:85) ~[spring-boot-3.4.0.jar:3.4.0]
	at org.springframework.core.type.classreading.SimpleMetadataReaderFactory.getMetadataReader(SimpleMetadataReaderFactory.java:81) ~[spring-core-6.2.0.jar:6.2.0]
	at org.springframework.boot.type.classreading.ConcurrentReferenceCachingMetadataReaderFactory.getMetadataReader(ConcurrentReferenceCachingMetadataReaderFactory.java:75) ~[spring-boot-3.4.0.jar:3.4.0]
	at org.springframework.context.annotation.ConfigurationClassParser.asSourceClass(ConfigurationClassParser.java:697) ~[spring-context-6.2.0.jar:6.2.0]
	at org.springframework.context.annotation.ConfigurationClassParser$SourceClass.getInterfaces(ConfigurationClassParser.java:1046) ~[spring-context-6.2.0.jar:6.2.0]
	at org.springframework.context.annotation.ConfigurationClassParser.processInterfaces(ConfigurationClassParser.java:427) ~[spring-context-6.2.0.jar:6.2.0]
	at org.springframework.context.annotation.ConfigurationClassParser.doProcessConfigurationClass(ConfigurationClassParser.java:371) ~[spring-context-6.2.0.jar:6.2.0]
	at org.springframework.context.annotation.ConfigurationClassParser.processConfigurationClass(ConfigurationClassParser.java:267) ~[spring-context-6.2.0.jar:6.2.0]
	... 21 common frames omitted

2024-12-07T22:34:00.519+01:00  INFO 15784 --- [GrpcService] [restartedMain] c.example.Grpc.GrpcServiceApplication    : Starting GrpcServiceApplication using Java 21.0.4 with PID 15784 (C:\Users\smolv\Downloads\GrpcService\target\classes started by smolv in C:\Users\smolv\Downloads\GrpcService)
2024-12-07T22:34:00.520+01:00  INFO 15784 --- [GrpcService] [restartedMain] c.example.Grpc.GrpcServiceApplication    : No active profile set, falling back to 1 default profile: "default"
2024-12-07T22:34:00.558+01:00  INFO 15784 --- [GrpcService] [restartedMain] .e.DevToolsPropertyDefaultsPostProcessor : Devtools property defaults active! Set 'spring.devtools.add-properties' to 'false' to disable
2024-12-07T22:34:00.558+01:00  INFO 15784 --- [GrpcService] [restartedMain] .e.DevToolsPropertyDefaultsPostProcessor : For additional web related logging consider setting the 'logging.level.web' property to 'DEBUG'
2024-12-07T22:34:01.076+01:00  INFO 15784 --- [GrpcService] [restartedMain] .s.d.r.c.RepositoryConfigurationDelegate : Bootstrapping Spring Data JPA repositories in DEFAULT mode.
2024-12-07T22:34:01.092+01:00  INFO 15784 --- [GrpcService] [restartedMain] .s.d.r.c.RepositoryConfigurationDelegate : Finished Spring Data repository scanning in 9 ms. Found 0 JPA repository interfaces.
2024-12-07T22:34:01.503+01:00  INFO 15784 --- [GrpcService] [restartedMain] o.s.b.w.embedded.tomcat.TomcatWebServer  : Tomcat initialized with port 8080 (http)
2024-12-07T22:34:01.515+01:00  INFO 15784 --- [GrpcService] [restartedMain] o.apache.catalina.core.StandardService   : Starting service [Tomcat]
2024-12-07T22:34:01.515+01:00  INFO 15784 --- [GrpcService] [restartedMain] o.apache.catalina.core.StandardEngine    : Starting Servlet engine: [Apache Tomcat/10.1.33]
2024-12-07T22:34:01.554+01:00  INFO 15784 --- [GrpcService] [restartedMain] o.a.c.c.C.[Tomcat].[localhost].[/]       : Initializing Spring embedded WebApplicationContext
2024-12-07T22:34:01.555+01:00  INFO 15784 --- [GrpcService] [restartedMain] w.s.c.ServletWebServerApplicationContext : Root WebApplicationContext: initialization completed in 995 ms
2024-12-07T22:34:01.577+01:00  INFO 15784 --- [GrpcService] [restartedMain] com.zaxxer.hikari.HikariDataSource       : HikariPool-1 - Starting...
2024-12-07T22:34:01.726+01:00  INFO 15784 --- [GrpcService] [restartedMain] com.zaxxer.hikari.pool.HikariPool        : HikariPool-1 - Added connection conn0: url=jdbc:h2:mem:testdb user=SA
2024-12-07T22:34:01.728+01:00  INFO 15784 --- [GrpcService] [restartedMain] com.zaxxer.hikari.HikariDataSource       : HikariPool-1 - Start completed.
2024-12-07T22:34:01.737+01:00  INFO 15784 --- [GrpcService] [restartedMain] o.s.b.a.h2.H2ConsoleAutoConfiguration    : H2 console available at '/h2-console'. Database available at 'jdbc:h2:mem:testdb'
2024-12-07T22:34:01.844+01:00  INFO 15784 --- [GrpcService] [restartedMain] o.hibernate.jpa.internal.util.LogHelper  : HHH000204: Processing PersistenceUnitInfo [name: default]
2024-12-07T22:34:01.887+01:00  INFO 15784 --- [GrpcService] [restartedMain] org.hibernate.Version                    : HHH000412: Hibernate ORM core version 6.6.2.Final
2024-12-07T22:34:01.913+01:00  INFO 15784 --- [GrpcService] [restartedMain] o.h.c.internal.RegionFactoryInitiator    : HHH000026: Second-level cache disabled
2024-12-07T22:34:02.127+01:00  INFO 15784 --- [GrpcService] [restartedMain] o.s.o.j.p.SpringPersistenceUnitInfo      : No LoadTimeWeaver setup: ignoring JPA class transformer
2024-12-07T22:34:02.167+01:00  WARN 15784 --- [GrpcService] [restartedMain] org.hibernate.orm.deprecation            : HHH90000025: H2Dialect does not need to be specified explicitly using 'hibernate.dialect' (remove the property setting and it will be selected by default)
2024-12-07T22:34:02.180+01:00  INFO 15784 --- [GrpcService] [restartedMain] org.hibernate.orm.connections.pooling    : HHH10001005: Database info:
	Database JDBC URL [Connecting through datasource 'HikariDataSource (HikariPool-1)']
	Database driver: undefined/unknown
	Database version: 2.3.232
	Autocommit mode: undefined/unknown
	Isolation level: undefined/unknown
	Minimum pool size: undefined/unknown
	Maximum pool size: undefined/unknown
2024-12-07T22:34:02.433+01:00  INFO 15784 --- [GrpcService] [restartedMain] o.h.e.t.j.p.i.JtaPlatformInitiator       : HHH000489: No JTA platform available (set 'hibernate.transaction.jta.platform' to enable JTA platform integration)
2024-12-07T22:34:02.438+01:00  INFO 15784 --- [GrpcService] [restartedMain] j.LocalContainerEntityManagerFactoryBean : Initialized JPA EntityManagerFactory for persistence unit 'default'
2024-12-07T22:34:02.447+01:00  WARN 15784 --- [GrpcService] [restartedMain] ConfigServletWebServerApplicationContext : Exception encountered during context initialization - cancelling refresh attempt: org.springframework.beans.factory.BeanCreationException: Error creating bean with name 'compteServiceImpl': Lookup method resolution failed
2024-12-07T22:34:02.448+01:00  INFO 15784 --- [GrpcService] [restartedMain] j.LocalContainerEntityManagerFactoryBean : Closing JPA EntityManagerFactory for persistence unit 'default'
2024-12-07T22:34:02.454+01:00  WARN 15784 --- [GrpcService] [restartedMain] o.s.b.f.support.DisposableBeanAdapter    : Invocation of destroy method failed on bean with name 'inMemoryDatabaseShutdownExecutor': org.h2.jdbc.JdbcSQLNonTransientConnectionException: La base de données est déjà fermée (pour désactiver la fermeture automatique à l'arrêt de la VM, ajoutez "; DB_CLOSE_ON_EXIT = FALSE" à l'URL db)
Database is already closed (to disable automatic closing at VM shutdown, add ";DB_CLOSE_ON_EXIT=FALSE" to the db URL) [90121-232]
2024-12-07T22:34:02.454+01:00  INFO 15784 --- [GrpcService] [restartedMain] com.zaxxer.hikari.HikariDataSource       : HikariPool-1 - Shutdown initiated...
2024-12-07T22:34:02.456+01:00  INFO 15784 --- [GrpcService] [restartedMain] com.zaxxer.hikari.HikariDataSource       : HikariPool-1 - Shutdown completed.
2024-12-07T22:34:02.458+01:00  INFO 15784 --- [GrpcService] [restartedMain] o.apache.catalina.core.StandardService   : Stopping service [Tomcat]
2024-12-07T22:34:02.466+01:00  INFO 15784 --- [GrpcService] [restartedMain] .s.b.a.l.ConditionEvaluationReportLogger : 

Error starting ApplicationContext. To display the condition evaluation report re-run your application with 'debug' enabled.
2024-12-07T22:34:02.484+01:00 ERROR 15784 --- [GrpcService] [restartedMain] o.s.boot.SpringApplication               : Application run failed

org.springframework.beans.factory.BeanCreationException: Error creating bean with name 'compteServiceImpl': Lookup method resolution failed
	at org.springframework.beans.factory.annotation.AutowiredAnnotationBeanPostProcessor.checkLookupMethods(AutowiredAnnotationBeanPostProcessor.java:498) ~[spring-beans-6.2.0.jar:6.2.0]
	at org.springframework.beans.factory.annotation.AutowiredAnnotationBeanPostProcessor.determineCandidateConstructors(AutowiredAnnotationBeanPostProcessor.java:368) ~[spring-beans-6.2.0.jar:6.2.0]
	at org.springframework.beans.factory.support.AbstractAutowireCapableBeanFactory.determineConstructorsFromBeanPostProcessors(AbstractAutowireCapableBeanFactory.java:1310) ~[spring-beans-6.2.0.jar:6.2.0]
	at org.springframework.beans.factory.support.AbstractAutowireCapableBeanFactory.createBeanInstance(AbstractAutowireCapableBeanFactory.java:1205) ~[spring-beans-6.2.0.jar:6.2.0]
	at org.springframework.beans.factory.support.AbstractAutowireCapableBeanFactory.doCreateBean(AbstractAutowireCapableBeanFactory.java:563) ~[spring-beans-6.2.0.jar:6.2.0]
	at org.springframework.beans.factory.support.AbstractAutowireCapableBeanFactory.createBean(AbstractAutowireCapableBeanFactory.java:523) ~[spring-beans-6.2.0.jar:6.2.0]
	at org.springframework.beans.factory.support.AbstractBeanFactory.lambda$doGetBean$0(AbstractBeanFactory.java:336) ~[spring-beans-6.2.0.jar:6.2.0]
	at org.springframework.beans.factory.support.DefaultSingletonBeanRegistry.getSingleton(DefaultSingletonBeanRegistry.java:288) ~[spring-beans-6.2.0.jar:6.2.0]
	at org.springframework.beans.factory.support.AbstractBeanFactory.doGetBean(AbstractBeanFactory.java:334) ~[spring-beans-6.2.0.jar:6.2.0]
	at org.springframework.beans.factory.support.AbstractBeanFactory.getBean(AbstractBeanFactory.java:199) ~[spring-beans-6.2.0.jar:6.2.0]
	at org.springframework.beans.factory.support.DefaultListableBeanFactory.instantiateSingleton(DefaultListableBeanFactory.java:1122) ~[spring-beans-6.2.0.jar:6.2.0]
	at org.springframework.beans.factory.support.DefaultListableBeanFactory.preInstantiateSingleton(DefaultListableBeanFactory.java:1093) ~[spring-beans-6.2.0.jar:6.2.0]
	at org.springframework.beans.factory.support.DefaultListableBeanFactory.preInstantiateSingletons(DefaultListableBeanFactory.java:1030) ~[spring-beans-6.2.0.jar:6.2.0]
	at org.springframework.context.support.AbstractApplicationContext.finishBeanFactoryInitialization(AbstractApplicationContext.java:987) ~[spring-context-6.2.0.jar:6.2.0]
	at org.springframework.context.support.AbstractApplicationContext.refresh(AbstractApplicationContext.java:627) ~[spring-context-6.2.0.jar:6.2.0]
	at org.springframework.boot.web.servlet.context.ServletWebServerApplicationContext.refresh(ServletWebServerApplicationContext.java:146) ~[spring-boot-3.4.0.jar:3.4.0]
	at org.springframework.boot.SpringApplication.refresh(SpringApplication.java:752) ~[spring-boot-3.4.0.jar:3.4.0]
	at org.springframework.boot.SpringApplication.refreshContext(SpringApplication.java:439) ~[spring-boot-3.4.0.jar:3.4.0]
	at org.springframework.boot.SpringApplication.run(SpringApplication.java:318) ~[spring-boot-3.4.0.jar:3.4.0]
	at org.springframework.boot.SpringApplication.run(SpringApplication.java:1361) ~[spring-boot-3.4.0.jar:3.4.0]
	at org.springframework.boot.SpringApplication.run(SpringApplication.java:1350) ~[spring-boot-3.4.0.jar:3.4.0]
	at com.example.Grpc.GrpcServiceApplication.main(GrpcServiceApplication.java:10) ~[classes/:na]
	at java.base/jdk.internal.reflect.DirectMethodHandleAccessor.invoke(DirectMethodHandleAccessor.java:103) ~[na:na]
	at java.base/java.lang.reflect.Method.invoke(Method.java:580) ~[na:na]
	at org.springframework.boot.devtools.restart.RestartLauncher.run(RestartLauncher.java:50) ~[spring-boot-devtools-3.4.0.jar:3.4.0]
Caused by: java.lang.IllegalStateException: Failed to introspect Class [com.example.Grpc.controllers.CompteServiceImpl] from ClassLoader [org.springframework.boot.devtools.restart.classloader.RestartClassLoader@731e6ae8]
	at org.springframework.util.ReflectionUtils.getDeclaredMethods(ReflectionUtils.java:483) ~[spring-core-6.2.0.jar:6.2.0]
	at org.springframework.util.ReflectionUtils.doWithLocalMethods(ReflectionUtils.java:320) ~[spring-core-6.2.0.jar:6.2.0]
	at org.springframework.beans.factory.annotation.AutowiredAnnotationBeanPostProcessor.checkLookupMethods(AutowiredAnnotationBeanPostProcessor.java:476) ~[spring-beans-6.2.0.jar:6.2.0]
	... 24 common frames omitted
Caused by: java.lang.NoClassDefFoundError: com/google/protobuf/MessageOrBuilder
	at java.base/java.lang.ClassLoader.defineClass1(Native Method) ~[na:na]
	at java.base/java.lang.ClassLoader.defineClass(ClassLoader.java:1027) ~[na:na]
	at java.base/java.security.SecureClassLoader.defineClass(SecureClassLoader.java:150) ~[na:na]
	at java.base/java.net.URLClassLoader.defineClass(URLClassLoader.java:524) ~[na:na]
	at java.base/java.net.URLClassLoader$1.run(URLClassLoader.java:427) ~[na:na]
	at java.base/java.net.URLClassLoader$1.run(URLClassLoader.java:421) ~[na:na]
	at java.base/java.security.AccessController.doPrivileged(AccessController.java:714) ~[na:na]
	at java.base/java.net.URLClassLoader.findClass(URLClassLoader.java:420) ~[na:na]
	at org.springframework.boot.devtools.restart.classloader.RestartClassLoader.findClass(RestartClassLoader.java:136) ~[spring-boot-devtools-3.4.0.jar:3.4.0]
	at org.springframework.boot.devtools.restart.classloader.RestartClassLoader.loadClass(RestartClassLoader.java:118) ~[spring-boot-devtools-3.4.0.jar:3.4.0]
	at java.base/java.lang.ClassLoader.loadClass(ClassLoader.java:526) ~[na:na]
	at java.base/java.lang.ClassLoader.defineClass1(Native Method) ~[na:na]
	at java.base/java.lang.ClassLoader.defineClass(ClassLoader.java:1027) ~[na:na]
	at java.base/java.security.SecureClassLoader.defineClass(SecureClassLoader.java:150) ~[na:na]
	at java.base/java.net.URLClassLoader.defineClass(URLClassLoader.java:524) ~[na:na]
	at java.base/java.net.URLClassLoader$1.run(URLClassLoader.java:427) ~[na:na]
	at java.base/java.net.URLClassLoader$1.run(URLClassLoader.java:421) ~[na:na]
	at java.base/java.security.AccessController.doPrivileged(AccessController.java:714) ~[na:na]
	at java.base/java.net.URLClassLoader.findClass(URLClassLoader.java:420) ~[na:na]
	at org.springframework.boot.devtools.restart.classloader.RestartClassLoader.findClass(RestartClassLoader.java:136) ~[spring-boot-devtools-3.4.0.jar:3.4.0]
	at org.springframework.boot.devtools.restart.classloader.RestartClassLoader.loadClass(RestartClassLoader.java:118) ~[spring-boot-devtools-3.4.0.jar:3.4.0]
	at java.base/java.lang.ClassLoader.loadClass(ClassLoader.java:526) ~[na:na]
	at java.base/java.lang.Class.getDeclaredMethods0(Native Method) ~[na:na]
	at java.base/java.lang.Class.privateGetDeclaredMethods(Class.java:3578) ~[na:na]
	at java.base/java.lang.Class.getDeclaredMethods(Class.java:2676) ~[na:na]
	at org.springframework.util.ReflectionUtils.getDeclaredMethods(ReflectionUtils.java:465) ~[spring-core-6.2.0.jar:6.2.0]
	... 26 common frames omitted
Caused by: java.lang.ClassNotFoundException: com.google.protobuf.MessageOrBuilder
	at java.base/jdk.internal.loader.BuiltinClassLoader.loadClass(BuiltinClassLoader.java:641) ~[na:na]
	at java.base/jdk.internal.loader.ClassLoaders$AppClassLoader.loadClass(ClassLoaders.java:188) ~[na:na]
	at java.base/java.lang.ClassLoader.loadClass(ClassLoader.java:526) ~[na:na]
	at java.base/java.lang.Class.forName0(Native Method) ~[na:na]
	at java.base/java.lang.Class.forName(Class.java:534) ~[na:na]
	at java.base/java.lang.Class.forName(Class.java:513) ~[na:na]
	at org.springframework.boot.devtools.restart.classloader.RestartClassLoader.loadClass(RestartClassLoader.java:121) ~[spring-boot-devtools-3.4.0.jar:3.4.0]
	at java.base/java.lang.ClassLoader.loadClass(ClassLoader.java:526) ~[na:na]
	... 52 common frames omitted

2024-12-07T22:49:51.489+01:00  INFO 37056 --- [GrpcService] [restartedMain] c.example.Grpc.GrpcServiceApplication    : Starting GrpcServiceApplication using Java 21.0.4 with PID 37056 (C:\Users\smolv\Downloads\GrpcService\target\classes started by smolv in C:\Users\smolv\Downloads\GrpcService)
2024-12-07T22:49:51.491+01:00  INFO 37056 --- [GrpcService] [restartedMain] c.example.Grpc.GrpcServiceApplication    : No active profile set, falling back to 1 default profile: "default"
2024-12-07T22:49:51.531+01:00  INFO 37056 --- [GrpcService] [restartedMain] .e.DevToolsPropertyDefaultsPostProcessor : Devtools property defaults active! Set 'spring.devtools.add-properties' to 'false' to disable
2024-12-07T22:49:51.531+01:00  INFO 37056 --- [GrpcService] [restartedMain] .e.DevToolsPropertyDefaultsPostProcessor : For additional web related logging consider setting the 'logging.level.web' property to 'DEBUG'
2024-12-07T22:49:52.062+01:00  INFO 37056 --- [GrpcService] [restartedMain] .s.d.r.c.RepositoryConfigurationDelegate : Bootstrapping Spring Data JPA repositories in DEFAULT mode.
2024-12-07T22:49:52.083+01:00  INFO 37056 --- [GrpcService] [restartedMain] .s.d.r.c.RepositoryConfigurationDelegate : Finished Spring Data repository scanning in 11 ms. Found 0 JPA repository interfaces.
2024-12-07T22:49:52.537+01:00  INFO 37056 --- [GrpcService] [restartedMain] o.s.b.w.embedded.tomcat.TomcatWebServer  : Tomcat initialized with port 8080 (http)
2024-12-07T22:49:52.548+01:00  INFO 37056 --- [GrpcService] [restartedMain] o.apache.catalina.core.StandardService   : Starting service [Tomcat]
2024-12-07T22:49:52.549+01:00  INFO 37056 --- [GrpcService] [restartedMain] o.apache.catalina.core.StandardEngine    : Starting Servlet engine: [Apache Tomcat/10.1.33]
2024-12-07T22:49:52.592+01:00  INFO 37056 --- [GrpcService] [restartedMain] o.a.c.c.C.[Tomcat].[localhost].[/]       : Initializing Spring embedded WebApplicationContext
2024-12-07T22:49:52.592+01:00  INFO 37056 --- [GrpcService] [restartedMain] w.s.c.ServletWebServerApplicationContext : Root WebApplicationContext: initialization completed in 1061 ms
2024-12-07T22:49:52.615+01:00  INFO 37056 --- [GrpcService] [restartedMain] com.zaxxer.hikari.HikariDataSource       : HikariPool-1 - Starting...
2024-12-07T22:49:52.761+01:00  INFO 37056 --- [GrpcService] [restartedMain] com.zaxxer.hikari.pool.HikariPool        : HikariPool-1 - Added connection conn0: url=jdbc:h2:mem:testdb user=SA
2024-12-07T22:49:52.763+01:00  INFO 37056 --- [GrpcService] [restartedMain] com.zaxxer.hikari.HikariDataSource       : HikariPool-1 - Start completed.
2024-12-07T22:49:52.772+01:00  INFO 37056 --- [GrpcService] [restartedMain] o.s.b.a.h2.H2ConsoleAutoConfiguration    : H2 console available at '/h2-console'. Database available at 'jdbc:h2:mem:testdb'
2024-12-07T22:49:52.883+01:00  INFO 37056 --- [GrpcService] [restartedMain] o.hibernate.jpa.internal.util.LogHelper  : HHH000204: Processing PersistenceUnitInfo [name: default]
2024-12-07T22:49:52.956+01:00  INFO 37056 --- [GrpcService] [restartedMain] org.hibernate.Version                    : HHH000412: Hibernate ORM core version 6.6.2.Final
2024-12-07T22:49:53.000+01:00  INFO 37056 --- [GrpcService] [restartedMain] o.h.c.internal.RegionFactoryInitiator    : HHH000026: Second-level cache disabled
2024-12-07T22:49:53.260+01:00  INFO 37056 --- [GrpcService] [restartedMain] o.s.o.j.p.SpringPersistenceUnitInfo      : No LoadTimeWeaver setup: ignoring JPA class transformer
2024-12-07T22:49:53.305+01:00  WARN 37056 --- [GrpcService] [restartedMain] org.hibernate.orm.deprecation            : HHH90000025: H2Dialect does not need to be specified explicitly using 'hibernate.dialect' (remove the property setting and it will be selected by default)
2024-12-07T22:49:53.320+01:00  INFO 37056 --- [GrpcService] [restartedMain] org.hibernate.orm.connections.pooling    : HHH10001005: Database info:
	Database JDBC URL [Connecting through datasource 'HikariDataSource (HikariPool-1)']
	Database driver: undefined/unknown
	Database version: 2.3.232
	Autocommit mode: undefined/unknown
	Isolation level: undefined/unknown
	Minimum pool size: undefined/unknown
	Maximum pool size: undefined/unknown
2024-12-07T22:49:53.604+01:00  INFO 37056 --- [GrpcService] [restartedMain] o.h.e.t.j.p.i.JtaPlatformInitiator       : HHH000489: No JTA platform available (set 'hibernate.transaction.jta.platform' to enable JTA platform integration)
2024-12-07T22:49:53.609+01:00  INFO 37056 --- [GrpcService] [restartedMain] j.LocalContainerEntityManagerFactoryBean : Initialized JPA EntityManagerFactory for persistence unit 'default'
2024-12-07T22:49:53.645+01:00  WARN 37056 --- [GrpcService] [restartedMain] JpaBaseConfiguration$JpaWebConfiguration : spring.jpa.open-in-view is enabled by default. Therefore, database queries may be performed during view rendering. Explicitly configure spring.jpa.open-in-view to disable this warning
2024-12-07T22:49:53.969+01:00  INFO 37056 --- [GrpcService] [restartedMain] o.s.b.d.a.OptionalLiveReloadServer       : LiveReload server is running on port 35729
2024-12-07T22:49:53.995+01:00  INFO 37056 --- [GrpcService] [restartedMain] o.s.b.w.embedded.tomcat.TomcatWebServer  : Tomcat started on port 8080 (http) with context path '/'
2024-12-07T22:49:54.001+01:00  INFO 37056 --- [GrpcService] [restartedMain] c.example.Grpc.GrpcServiceApplication    : Started GrpcServiceApplication in 2.936 seconds (process running for 3.723)
2024-12-07T22:53:24.727+01:00  INFO 37056 --- [GrpcService] [SpringApplicationShutdownHook] o.s.b.w.e.tomcat.GracefulShutdown        : Commencing graceful shutdown. Waiting for active requests to complete
2024-12-07T22:53:24.732+01:00  INFO 37056 --- [GrpcService] [tomcat-shutdown] o.s.b.w.e.tomcat.GracefulShutdown        : Graceful shutdown complete
2024-12-07T22:53:24.735+01:00  INFO 37056 --- [GrpcService] [SpringApplicationShutdownHook] j.LocalContainerEntityManagerFactoryBean : Closing JPA EntityManagerFactory for persistence unit 'default'
2024-12-07T22:53:24.742+01:00  WARN 37056 --- [GrpcService] [SpringApplicationShutdownHook] o.s.b.f.support.DisposableBeanAdapter    : Invocation of destroy method failed on bean with name 'inMemoryDatabaseShutdownExecutor': org.h2.jdbc.JdbcSQLNonTransientConnectionException: La base de données est déjà fermée (pour désactiver la fermeture automatique à l'arrêt de la VM, ajoutez "; DB_CLOSE_ON_EXIT = FALSE" à l'URL db)
Database is already closed (to disable automatic closing at VM shutdown, add ";DB_CLOSE_ON_EXIT=FALSE" to the db URL) [90121-232]
2024-12-07T22:53:24.742+01:00  INFO 37056 --- [GrpcService] [SpringApplicationShutdownHook] com.zaxxer.hikari.HikariDataSource       : HikariPool-1 - Shutdown initiated...
2024-12-07T22:53:24.744+01:00  INFO 37056 --- [GrpcService] [SpringApplicationShutdownHook] com.zaxxer.hikari.HikariDataSource       : HikariPool-1 - Shutdown completed.
2024-12-07T22:54:26.555+01:00  INFO 36852 --- [GrpcService] [main] c.example.Grpc.GrpcServiceApplication    : Starting GrpcServiceApplication using Java 21.0.4 with PID 36852 (C:\Users\smolv\Downloads\GrpcService\target\classes started by smolv in C:\Users\smolv\Downloads\GrpcService)
2024-12-07T22:54:26.557+01:00  INFO 36852 --- [GrpcService] [main] c.example.Grpc.GrpcServiceApplication    : No active profile set, falling back to 1 default profile: "default"
2024-12-07T22:54:27.015+01:00  INFO 36852 --- [GrpcService] [main] .s.d.r.c.RepositoryConfigurationDelegate : Bootstrapping Spring Data JPA repositories in DEFAULT mode.
2024-12-07T22:54:27.031+01:00  INFO 36852 --- [GrpcService] [main] .s.d.r.c.RepositoryConfigurationDelegate : Finished Spring Data repository scanning in 9 ms. Found 0 JPA repository interfaces.
2024-12-07T22:54:27.361+01:00  INFO 36852 --- [GrpcService] [main] o.s.b.w.embedded.tomcat.TomcatWebServer  : Tomcat initialized with port 8080 (http)
2024-12-07T22:54:27.371+01:00  INFO 36852 --- [GrpcService] [main] o.apache.catalina.core.StandardService   : Starting service [Tomcat]
2024-12-07T22:54:27.371+01:00  INFO 36852 --- [GrpcService] [main] o.apache.catalina.core.StandardEngine    : Starting Servlet engine: [Apache Tomcat/10.1.33]
2024-12-07T22:54:27.414+01:00  INFO 36852 --- [GrpcService] [main] o.a.c.c.C.[Tomcat].[localhost].[/]       : Initializing Spring embedded WebApplicationContext
2024-12-07T22:54:27.414+01:00  INFO 36852 --- [GrpcService] [main] w.s.c.ServletWebServerApplicationContext : Root WebApplicationContext: initialization completed in 824 ms
2024-12-07T22:54:27.497+01:00  INFO 36852 --- [GrpcService] [main] com.zaxxer.hikari.HikariDataSource       : HikariPool-1 - Starting...
2024-12-07T22:54:27.634+01:00  INFO 36852 --- [GrpcService] [main] com.zaxxer.hikari.pool.HikariPool        : HikariPool-1 - Added connection conn0: url=jdbc:h2:mem:testdb user=SA
2024-12-07T22:54:27.636+01:00  INFO 36852 --- [GrpcService] [main] com.zaxxer.hikari.HikariDataSource       : HikariPool-1 - Start completed.
2024-12-07T22:54:27.671+01:00  INFO 36852 --- [GrpcService] [main] o.hibernate.jpa.internal.util.LogHelper  : HHH000204: Processing PersistenceUnitInfo [name: default]
2024-12-07T22:54:27.715+01:00  INFO 36852 --- [GrpcService] [main] org.hibernate.Version                    : HHH000412: Hibernate ORM core version 6.6.2.Final
2024-12-07T22:54:27.746+01:00  INFO 36852 --- [GrpcService] [main] o.h.c.internal.RegionFactoryInitiator    : HHH000026: Second-level cache disabled
2024-12-07T22:54:27.949+01:00  INFO 36852 --- [GrpcService] [main] o.s.o.j.p.SpringPersistenceUnitInfo      : No LoadTimeWeaver setup: ignoring JPA class transformer
2024-12-07T22:54:27.982+01:00  WARN 36852 --- [GrpcService] [main] org.hibernate.orm.deprecation            : HHH90000025: H2Dialect does not need to be specified explicitly using 'hibernate.dialect' (remove the property setting and it will be selected by default)
2024-12-07T22:54:27.994+01:00  INFO 36852 --- [GrpcService] [main] org.hibernate.orm.connections.pooling    : HHH10001005: Database info:
	Database JDBC URL [Connecting through datasource 'HikariDataSource (HikariPool-1)']
	Database driver: undefined/unknown
	Database version: 2.3.232
	Autocommit mode: undefined/unknown
	Isolation level: undefined/unknown
	Minimum pool size: undefined/unknown
	Maximum pool size: undefined/unknown
2024-12-07T22:54:28.253+01:00  INFO 36852 --- [GrpcService] [main] o.h.e.t.j.p.i.JtaPlatformInitiator       : HHH000489: No JTA platform available (set 'hibernate.transaction.jta.platform' to enable JTA platform integration)
2024-12-07T22:54:28.258+01:00  INFO 36852 --- [GrpcService] [main] j.LocalContainerEntityManagerFactoryBean : Initialized JPA EntityManagerFactory for persistence unit 'default'
2024-12-07T22:54:28.307+01:00  WARN 36852 --- [GrpcService] [main] JpaBaseConfiguration$JpaWebConfiguration : spring.jpa.open-in-view is enabled by default. Therefore, database queries may be performed during view rendering. Explicitly configure spring.jpa.open-in-view to disable this warning
2024-12-07T22:54:28.500+01:00 DEBUG 36852 --- [GrpcService] [main] b.g.c.a.GrpcCommonCodecAutoConfiguration : Found GrpcCodecDiscoverer -> Creating custom CompressorRegistry
2024-12-07T22:54:28.501+01:00 DEBUG 36852 --- [GrpcService] [main] .d.b.g.c.c.AnnotationGrpcCodecDiscoverer : Searching for codecs...
2024-12-07T22:54:28.507+01:00 DEBUG 36852 --- [GrpcService] [main] .d.b.g.c.c.AnnotationGrpcCodecDiscoverer : Done
2024-12-07T22:54:28.513+01:00 DEBUG 36852 --- [GrpcService] [main] b.g.c.a.GrpcCommonCodecAutoConfiguration : Found GrpcCodecDiscoverer -> Creating custom DecompressorRegistry
2024-12-07T22:54:28.529+01:00  INFO 36852 --- [GrpcService] [main] g.s.a.GrpcServerFactoryAutoConfiguration : Detected grpc-netty-shaded: Creating ShadedNettyGrpcServerFactory
2024-12-07T22:54:28.568+01:00 DEBUG 36852 --- [GrpcService] [main] otationGlobalServerInterceptorConfigurer : Registering GlobalServerInterceptor: grpcRequestScope (net.devh.boot.grpc.server.scope.GrpcRequestScope@3601549f)
2024-12-07T22:54:28.573+01:00 DEBUG 36852 --- [GrpcService] [main] .b.g.s.s.AnnotationGrpcServiceDiscoverer : Found gRPC service: CompteService, bean: compteServiceImpl, class: com.example.Grpc.controllers.CompteServiceImpl
2024-12-07T22:54:28.575+01:00 DEBUG 36852 --- [GrpcService] [main] .b.g.s.s.AnnotationGrpcServiceDiscoverer : Found gRPC service: grpc.health.v1.Health, bean: grpcHealthService, class: io.grpc.protobuf.services.HealthServiceImpl
2024-12-07T22:54:28.581+01:00 DEBUG 36852 --- [GrpcService] [main] .b.g.s.s.AnnotationGrpcServiceDiscoverer : Found gRPC service: grpc.reflection.v1alpha.ServerReflection, bean: protoReflectionService, class: io.grpc.protobuf.services.ProtoReflectionService
2024-12-07T22:54:28.715+01:00  INFO 36852 --- [GrpcService] [main] o.s.b.w.embedded.tomcat.TomcatWebServer  : Tomcat started on port 8080 (http) with context path '/'
2024-12-07T22:54:28.806+01:00  INFO 36852 --- [GrpcService] [main] n.d.b.g.s.s.AbstractGrpcServerFactory    : Registered gRPC service: CompteService, bean: compteServiceImpl, class: com.example.Grpc.controllers.CompteServiceImpl
2024-12-07T22:54:28.806+01:00  INFO 36852 --- [GrpcService] [main] n.d.b.g.s.s.AbstractGrpcServerFactory    : Registered gRPC service: grpc.health.v1.Health, bean: grpcHealthService, class: io.grpc.protobuf.services.HealthServiceImpl
2024-12-07T22:54:28.807+01:00  INFO 36852 --- [GrpcService] [main] n.d.b.g.s.s.AbstractGrpcServerFactory    : Registered gRPC service: grpc.reflection.v1alpha.ServerReflection, bean: protoReflectionService, class: io.grpc.protobuf.services.ProtoReflectionService
2024-12-07T22:54:28.923+01:00  INFO 36852 --- [GrpcService] [main] n.d.b.g.s.s.GrpcServerLifecycle          : gRPC Server started, listening on address: *, port: 9090
2024-12-07T22:54:28.928+01:00  INFO 36852 --- [GrpcService] [main] c.example.Grpc.GrpcServiceApplication    : Started GrpcServiceApplication in 2.703 seconds (process running for 3.21)
